<?xml version="1.0" encoding="UTF-8"?>
<!-- Generated by org.testng.reporters.JUnitReportReporter -->
<testsuite hostname="ShivaleelaHMBP" name="com.farrier.tests.DeleteAPTTest" tests="1" failures="0" timestamp="6 Apr 2018 17:07:19 GMT" time="2.737" errors="0">
  <testcase name="DeleteAPITest" time="2.737" classname="com.farrier.tests.DeleteAPTTest"/>
</testsuite> <!-- com.farrier.tests.DeleteAPTTest -->
